<?xml version="1.0" encoding="UTF-8"?>
<testsuite name="pivotal.io.citest.CitestApplicationTests" tests="1" skipped="0" failures="0" errors="0" timestamp="2017-06-14T15:34:25" hostname="DX162.local" time="0.024">
  <properties/>
  <testcase name="contextLoads" classname="pivotal.io.citest.CitestApplicationTests" time="0.024"/>
  <system-out><![CDATA[11:34:22.048 [Test worker] DEBUG org.springframework.test.context.junit4.SpringJUnit4ClassRunner - SpringJUnit4ClassRunner constructor called with [class pivotal.io.citest.CitestApplicationTests]
11:34:22.052 [Test worker] DEBUG org.springframework.test.context.BootstrapUtils - Instantiating CacheAwareContextLoaderDelegate from class [org.springframework.test.context.cache.DefaultCacheAwareContextLoaderDelegate]
11:34:22.060 [Test worker] DEBUG org.springframework.test.context.BootstrapUtils - Instantiating BootstrapContext using constructor [public org.springframework.test.context.support.DefaultBootstrapContext(java.lang.Class,org.springframework.test.context.CacheAwareContextLoaderDelegate)]
11:34:22.076 [Test worker] DEBUG org.springframework.test.context.BootstrapUtils - Instantiating TestContextBootstrapper for test class [pivotal.io.citest.CitestApplicationTests] from class [org.springframework.boot.test.context.SpringBootTestContextBootstrapper]
11:34:22.088 [Test worker] INFO org.springframework.boot.test.context.SpringBootTestContextBootstrapper - Neither @ContextConfiguration nor @ContextHierarchy found for test class [pivotal.io.citest.CitestApplicationTests], using SpringBootContextLoader
11:34:22.093 [Test worker] DEBUG org.springframework.test.context.support.AbstractContextLoader - Did not detect default resource location for test class [pivotal.io.citest.CitestApplicationTests]: class path resource [pivotal/io/citest/CitestApplicationTests-context.xml] does not exist
11:34:22.094 [Test worker] DEBUG org.springframework.test.context.support.AbstractContextLoader - Did not detect default resource location for test class [pivotal.io.citest.CitestApplicationTests]: class path resource [pivotal/io/citest/CitestApplicationTestsContext.groovy] does not exist
11:34:22.094 [Test worker] INFO org.springframework.test.context.support.AbstractContextLoader - Could not detect default resource locations for test class [pivotal.io.citest.CitestApplicationTests]: no resource found for suffixes {-context.xml, Context.groovy}.
11:34:22.095 [Test worker] INFO org.springframework.test.context.support.AnnotationConfigContextLoaderUtils - Could not detect default configuration classes for test class [pivotal.io.citest.CitestApplicationTests]: CitestApplicationTests does not declare any static, non-private, non-final, nested classes annotated with @Configuration.
11:34:22.131 [Test worker] DEBUG org.springframework.test.context.support.ActiveProfilesUtils - Could not find an 'annotation declaring class' for annotation type [org.springframework.test.context.ActiveProfiles] and class [pivotal.io.citest.CitestApplicationTests]
11:34:22.139 [Test worker] DEBUG org.springframework.core.env.StandardEnvironment - Adding [systemProperties] PropertySource with lowest search precedence
11:34:22.140 [Test worker] DEBUG org.springframework.core.env.StandardEnvironment - Adding [systemEnvironment] PropertySource with lowest search precedence
11:34:22.140 [Test worker] DEBUG org.springframework.core.env.StandardEnvironment - Initialized StandardEnvironment with PropertySources [systemProperties,systemEnvironment]
11:34:22.150 [Test worker] DEBUG org.springframework.core.io.support.PathMatchingResourcePatternResolver - Resolved classpath location [pivotal/io/citest/] to resources [URL [file:/Users/pivotal/workspace/toronto-beach-learn/ci_beach_test/build/classes/test/pivotal/io/citest/], URL [file:/Users/pivotal/workspace/toronto-beach-learn/ci_beach_test/build/classes/main/pivotal/io/citest/]]
11:34:22.151 [Test worker] DEBUG org.springframework.core.io.support.PathMatchingResourcePatternResolver - Looking for matching resources in directory tree [/Users/pivotal/workspace/toronto-beach-learn/ci_beach_test/build/classes/test/pivotal/io/citest]
11:34:22.151 [Test worker] DEBUG org.springframework.core.io.support.PathMatchingResourcePatternResolver - Searching directory [/Users/pivotal/workspace/toronto-beach-learn/ci_beach_test/build/classes/test/pivotal/io/citest] for files matching pattern [/Users/pivotal/workspace/toronto-beach-learn/ci_beach_test/build/classes/test/pivotal/io/citest/*.class]
11:34:22.154 [Test worker] DEBUG org.springframework.core.io.support.PathMatchingResourcePatternResolver - Looking for matching resources in directory tree [/Users/pivotal/workspace/toronto-beach-learn/ci_beach_test/build/classes/main/pivotal/io/citest]
11:34:22.154 [Test worker] DEBUG org.springframework.core.io.support.PathMatchingResourcePatternResolver - Searching directory [/Users/pivotal/workspace/toronto-beach-learn/ci_beach_test/build/classes/main/pivotal/io/citest] for files matching pattern [/Users/pivotal/workspace/toronto-beach-learn/ci_beach_test/build/classes/main/pivotal/io/citest/*.class]
11:34:22.155 [Test worker] DEBUG org.springframework.core.io.support.PathMatchingResourcePatternResolver - Resolved location pattern [classpath*:pivotal/io/citest/*.class] to resources [file [/Users/pivotal/workspace/toronto-beach-learn/ci_beach_test/build/classes/test/pivotal/io/citest/CitestApplicationTests.class], file [/Users/pivotal/workspace/toronto-beach-learn/ci_beach_test/build/classes/main/pivotal/io/citest/CiController.class], file [/Users/pivotal/workspace/toronto-beach-learn/ci_beach_test/build/classes/main/pivotal/io/citest/CitestApplication.class]]
11:34:22.207 [Test worker] DEBUG org.springframework.context.annotation.ClassPathScanningCandidateComponentProvider - Identified candidate component class: file [/Users/pivotal/workspace/toronto-beach-learn/ci_beach_test/build/classes/main/pivotal/io/citest/CitestApplication.class]
11:34:22.210 [Test worker] INFO org.springframework.boot.test.context.SpringBootTestContextBootstrapper - Found @SpringBootConfiguration pivotal.io.citest.CitestApplication for test class pivotal.io.citest.CitestApplicationTests
11:34:22.214 [Test worker] DEBUG org.springframework.boot.test.context.SpringBootTestContextBootstrapper - @TestExecutionListeners is not present for class [pivotal.io.citest.CitestApplicationTests]: using defaults.
11:34:22.217 [Test worker] INFO org.springframework.boot.test.context.SpringBootTestContextBootstrapper - Loaded default TestExecutionListener class names from location [META-INF/spring.factories]: [org.springframework.boot.test.mock.mockito.MockitoTestExecutionListener, org.springframework.boot.test.mock.mockito.ResetMocksTestExecutionListener, org.springframework.boot.test.autoconfigure.restdocs.RestDocsTestExecutionListener, org.springframework.boot.test.autoconfigure.web.client.MockRestServiceServerResetTestExecutionListener, org.springframework.boot.test.autoconfigure.web.servlet.MockMvcPrintOnlyOnFailureTestExecutionListener, org.springframework.boot.test.autoconfigure.web.servlet.WebDriverTestExecutionListener, org.springframework.test.context.web.ServletTestExecutionListener, org.springframework.test.context.support.DirtiesContextBeforeModesTestExecutionListener, org.springframework.test.context.support.DependencyInjectionTestExecutionListener, org.springframework.test.context.support.DirtiesContextTestExecutionListener, org.springframework.test.context.transaction.TransactionalTestExecutionListener, org.springframework.test.context.jdbc.SqlScriptsTestExecutionListener]
11:34:22.229 [Test worker] INFO org.springframework.boot.test.context.SpringBootTestContextBootstrapper - Could not instantiate TestExecutionListener [org.springframework.test.context.transaction.TransactionalTestExecutionListener]. Specify custom listener classes or make the default listener classes (and their required dependencies) available. Offending class: [org/springframework/transaction/interceptor/TransactionAttributeSource]
11:34:22.230 [Test worker] INFO org.springframework.boot.test.context.SpringBootTestContextBootstrapper - Could not instantiate TestExecutionListener [org.springframework.test.context.jdbc.SqlScriptsTestExecutionListener]. Specify custom listener classes or make the default listener classes (and their required dependencies) available. Offending class: [org/springframework/transaction/interceptor/TransactionAttribute]
11:34:22.230 [Test worker] INFO org.springframework.boot.test.context.SpringBootTestContextBootstrapper - Using TestExecutionListeners: [org.springframework.test.context.web.ServletTestExecutionListener@63702577, org.springframework.test.context.support.DirtiesContextBeforeModesTestExecutionListener@31af5e0f, org.springframework.boot.test.autoconfigure.SpringBootDependencyInjectionTestExecutionListener@5f98c8ce, org.springframework.test.context.support.DirtiesContextTestExecutionListener@5667646b, org.springframework.boot.test.mock.mockito.ResetMocksTestExecutionListener@345eb84d, org.springframework.boot.test.autoconfigure.restdocs.RestDocsTestExecutionListener@7fcad7ef, org.springframework.boot.test.autoconfigure.web.servlet.MockMvcPrintOnlyOnFailureTestExecutionListener@660dbe60, org.springframework.boot.test.mock.mockito.MockitoTestExecutionListener@ba4caf6, org.springframework.boot.test.autoconfigure.web.client.MockRestServiceServerResetTestExecutionListener@4a79971f, org.springframework.boot.test.autoconfigure.web.servlet.WebDriverTestExecutionListener@63255410]
11:34:22.233 [Test worker] DEBUG org.springframework.test.annotation.ProfileValueUtils - Retrieved @ProfileValueSourceConfiguration [null] for test class [pivotal.io.citest.CitestApplicationTests]
11:34:22.233 [Test worker] DEBUG org.springframework.test.annotation.ProfileValueUtils - Retrieved ProfileValueSource type [class org.springframework.test.annotation.SystemProfileValueSource] for class [pivotal.io.citest.CitestApplicationTests]
11:34:22.234 [Test worker] DEBUG org.springframework.test.annotation.ProfileValueUtils - Retrieved @ProfileValueSourceConfiguration [null] for test class [pivotal.io.citest.CitestApplicationTests]
11:34:22.235 [Test worker] DEBUG org.springframework.test.annotation.ProfileValueUtils - Retrieved ProfileValueSource type [class org.springframework.test.annotation.SystemProfileValueSource] for class [pivotal.io.citest.CitestApplicationTests]
11:34:22.243 [Test worker] DEBUG org.springframework.test.context.support.AbstractDirtiesContextTestExecutionListener - Before test class: context [DefaultTestContext@4e15fc94 testClass = CitestApplicationTests, testInstance = [null], testMethod = [null], testException = [null], mergedContextConfiguration = [WebMergedContextConfiguration@6910a04f testClass = CitestApplicationTests, locations = '{}', classes = '{class pivotal.io.citest.CitestApplication}', contextInitializerClasses = '[]', activeProfiles = '{}', propertySourceLocations = '{}', propertySourceProperties = '{org.springframework.boot.test.context.SpringBootTestContextBootstrapper=true}', contextCustomizers = set[org.springframework.boot.test.context.SpringBootTestContextCustomizer@256066a8, org.springframework.boot.test.context.filter.ExcludeFilterContextCustomizer@69613e27, org.springframework.boot.test.json.DuplicateJsonObjectContextCustomizerFactory$DuplicateJsonObjectContextCustomizer@5187e9aa, org.springframework.boot.test.mock.mockito.MockitoContextCustomizer@0, org.springframework.boot.test.autoconfigure.properties.PropertyMappingContextCustomizer@0, org.springframework.boot.test.autoconfigure.web.servlet.WebDriverContextCustomizerFactory$Customizer@77598efb], resourceBasePath = 'src/main/webapp', contextLoader = 'org.springframework.boot.test.context.SpringBootContextLoader', parent = [null]]], class annotated with @DirtiesContext [false] with mode [null].
11:34:22.244 [Test worker] DEBUG org.springframework.test.annotation.ProfileValueUtils - Retrieved @ProfileValueSourceConfiguration [null] for test class [pivotal.io.citest.CitestApplicationTests]
11:34:22.244 [Test worker] DEBUG org.springframework.test.annotation.ProfileValueUtils - Retrieved ProfileValueSource type [class org.springframework.test.annotation.SystemProfileValueSource] for class [pivotal.io.citest.CitestApplicationTests]
11:34:22.299 [Test worker] DEBUG org.springframework.core.env.StandardEnvironment - Adding [systemProperties] PropertySource with lowest search precedence
11:34:22.300 [Test worker] DEBUG org.springframework.core.env.StandardEnvironment - Adding [systemEnvironment] PropertySource with lowest search precedence
11:34:22.301 [Test worker] DEBUG org.springframework.core.env.StandardEnvironment - Initialized StandardEnvironment with PropertySources [systemProperties,systemEnvironment]
11:34:22.303 [Test worker] DEBUG org.springframework.core.env.MutablePropertySources - Adding [inline] PropertySource with highest search precedence
11:34:22.309 [Test worker] DEBUG org.springframework.test.context.support.TestPropertySourceUtils - Adding inlined properties to environment: {spring.jmx.enabled=false, org.springframework.boot.test.context.SpringBootTestContextBootstrapper=true, server.port=-1}
11:34:22.310 [Test worker] DEBUG org.springframework.core.env.StandardEnvironment - Adding [Inlined Test Properties] PropertySource with highest search precedence

  .   ____          _            __ _ _
 /\\ / ___'_ __ _ _(_)_ __  __ _ \ \ \ \
( ( )\___ | '_ | '_| | '_ \/ _` | \ \ \ \
 \\/  ___)| |_)| | | | | || (_| |  ) ) ) )
  '  |____| .__|_| |_|_| |_\__, | / / / /
 =========|_|==============|___/=/_/_/_/
 :: Spring Boot ::        (v1.5.4.RELEASE)

2017-06-14 11:34:23.750  INFO 73434 --- [    Test worker] p.io.citest.CitestApplicationTests       : Starting CitestApplicationTests on DX162.local with PID 73434 (started by pivotal in /Users/pivotal/workspace/toronto-beach-learn/ci_beach_test)
2017-06-14 11:34:23.752  INFO 73434 --- [    Test worker] p.io.citest.CitestApplicationTests       : No active profile set, falling back to default profiles: default
2017-06-14 11:34:23.799  INFO 73434 --- [    Test worker] o.s.w.c.s.GenericWebApplicationContext   : Refreshing org.springframework.web.context.support.GenericWebApplicationContext@218b09e0: startup date [Wed Jun 14 11:34:23 EDT 2017]; root of context hierarchy
2017-06-14 11:34:25.152  INFO 73434 --- [    Test worker] s.w.s.m.m.a.RequestMappingHandlerAdapter : Looking for @ControllerAdvice: org.springframework.web.context.support.GenericWebApplicationContext@218b09e0: startup date [Wed Jun 14 11:34:23 EDT 2017]; root of context hierarchy
2017-06-14 11:34:25.237  INFO 73434 --- [    Test worker] s.w.s.m.m.a.RequestMappingHandlerMapping : Mapped "{[/],produces=[application/json]}" onto public java.lang.String pivotal.io.citest.CiController.get()
2017-06-14 11:34:25.241  INFO 73434 --- [    Test worker] s.w.s.m.m.a.RequestMappingHandlerMapping : Mapped "{[/error]}" onto public org.springframework.http.ResponseEntity<java.util.Map<java.lang.String, java.lang.Object>> org.springframework.boot.autoconfigure.web.BasicErrorController.error(javax.servlet.http.HttpServletRequest)
2017-06-14 11:34:25.241  INFO 73434 --- [    Test worker] s.w.s.m.m.a.RequestMappingHandlerMapping : Mapped "{[/error],produces=[text/html]}" onto public org.springframework.web.servlet.ModelAndView org.springframework.boot.autoconfigure.web.BasicErrorController.errorHtml(javax.servlet.http.HttpServletRequest,javax.servlet.http.HttpServletResponse)
2017-06-14 11:34:25.273  INFO 73434 --- [    Test worker] o.s.w.s.handler.SimpleUrlHandlerMapping  : Mapped URL path [/webjars/**] onto handler of type [class org.springframework.web.servlet.resource.ResourceHttpRequestHandler]
2017-06-14 11:34:25.273  INFO 73434 --- [    Test worker] o.s.w.s.handler.SimpleUrlHandlerMapping  : Mapped URL path [/**] onto handler of type [class org.springframework.web.servlet.resource.ResourceHttpRequestHandler]
2017-06-14 11:34:25.312  INFO 73434 --- [    Test worker] o.s.w.s.handler.SimpleUrlHandlerMapping  : Mapped URL path [/**/favicon.ico] onto handler of type [class org.springframework.web.servlet.resource.ResourceHttpRequestHandler]
2017-06-14 11:34:25.494  INFO 73434 --- [    Test worker] p.io.citest.CitestApplicationTests       : Started CitestApplicationTests in 3.174 seconds (JVM running for 4.109)
]]></system-out>
  <system-err><![CDATA[]]></system-err>
</testsuite>
